Using pre-set license
Built from '2020.3/staging' branch; Version is '2020.3.22f1 (e1a7f79fd887) revision 14788599'; Using compiler version '192528614'; Build Type 'Release'
OS: 'Windows 10 Pro; OS build 19042.1288; Version 2009; 64bit' Language: 'en' Physical Memory: 3931 MB
BatchMode: 1, IsHumanControllingUs: 0, StartBugReporterOnCrash: 0, Is64bit: 1, IsPro: 0

COMMAND LINE ARGUMENTS:
C:\Program Files\Unity\Hub\Editor\2020.3.22f1\Editor\Unity.exe
-adb2
-batchMode
-noUpm
-name
AssetImportWorker6
-projectPath
T:/Chet Petro/Projects/GrowGame-game/GrowGame
-logFile
Logs/AssetImportWorker6.log
-srvPort
54835
Successfully changed project path to: T:/Chet Petro/Projects/GrowGame-game/GrowGame
T:/Chet Petro/Projects/GrowGame-game/GrowGame
Using Asset Import Pipeline V2.
