Using pre-set license
Built from '2020.3/staging' branch; Version is '2020.3.22f1 (e1a7f79fd887) revision 14788599'; Using compiler version '192528614'; Build Type 'Release'
OS: 'Windows 10 Pro; OS build 19042.1288; Version 2009; 64bit' Language: 'en' Physical Memory: 3931 MB
BatchMode: 1, IsHumanControllingUs: 0, StartBugReporterOnCrash: 0, Is64bit: 1, IsPro: 0

COMMAND LINE ARGUMENTS:
C:\Program Files\Unity\Hub\Editor\2020.3.22f1\Editor\Unity.exe
-adb2
-batchMode
-noUpm
-name
AssetImportWorker3
-projectPath
T:/Chet Petro/Projects/GrowGame-game/GrowGame
-logFile
Logs/AssetImportWorker3.log
-srvPort
55368
Successfully changed project path to: T:/Chet Petro/Projects/GrowGame-game/GrowGame
T:/Chet Petro/Projects/GrowGame-game/GrowGame
Using Asset Import Pipeline V2.
Refreshing native plugins compatible for Editor in 97.90 ms, found 2 plugins.
Preloading 0 native plugins for Editor in 0.00 ms.
Initialize engine version: 2020.3.22f1 (e1a7f79fd887)
[Subsystems] Discovering subsystems at path C:/Program Files/Unity/Hub/Editor/2020.3.22f1/Editor/Data/Resources/UnitySubsystems
[Subsystems] Discovering subsystems at path T:/Chet Petro/Projects/GrowGame-game/GrowGame/Assets
GfxDevice: creating device client; threaded=0
Direct3D:
    Version:  Direct3D 11.0 [level 10.0]
    Renderer: Intel(R) Q45/Q43 Express Chipset (Microsoft Corporation - WDDM 1.1) (ID=0x2e12)
    Vendor:   
    VRAM:     128 MB
    Driver:   8.15.10.2702
Initialize mono
Mono path[0] = 'C:/Program Files/Unity/Hub/Editor/2020.3.22f1/Editor/Data/Managed'
Mono path[1] = 'C:/Program Files/Unity/Hub/Editor/2020.3.22f1/Editor/Data/MonoBleedingEdge/lib/mono/unityjit'
Mono config path = 'C:/Program Files/Unity/Hub/Editor/2020.3.22f1/Editor/Data/MonoBleedingEdge/etc'
Using monoOptions --debugger-agent=transport=dt_socket,embedding=1,server=y,suspend=n,address=127.0.0.1:56464
Begin MonoManager ReloadAssembly
Registering precompiled unity dll's ...
Register platform support module: C:/Program Files/Unity/Hub/Editor/2020.3.22f1/Editor/Data/PlaybackEngines/WindowsStandaloneSupport/UnityEditor.WindowsStandalone.Extensions.dll
Registered in 0.003278 seconds.
Native extension for WindowsStandalone target not found
Refreshing native plugins compatible for Editor in 86.30 ms, found 2 plugins.
Preloading 0 native plugins for Editor in 0.00 ms.
Mono: successfully reloaded assembly
- Completed reload, in  2.123 seconds
Domain Reload Profiling:
	ReloadAssembly (2123ms)
		BeginReloadAssembly (107ms)
			ExecutionOrderSort (0ms)
			DisableScriptedObjects (0ms)
			BackupInstance (0ms)
			ReleaseScriptingObjects (0ms)
			CreateAndSetChildDomain (1ms)
		EndReloadAssembly (952ms)
			LoadAssemblies (105ms)
			RebuildTransferFunctionScriptingTraits (0ms)
			SetupTypeCache (359ms)
			ReleaseScriptCaches (0ms)
			RebuildScriptCaches (74ms)
			SetupLoadedEditorAssemblies (337ms)
				LogAssemblyErrors (0ms)
				InitializePlatformSupportModulesInManaged (7ms)
				SetLoadedEditorAssemblies (0ms)
				RefreshPlugins (86ms)
				BeforeProcessingInitializeOnLoad (25ms)
				ProcessInitializeOnLoadAttributes (165ms)
				ProcessInitializeOnLoadMethodAttributes (52ms)
				AfterProcessingInitializeOnLoad (0ms)
				EditorAssembliesLoaded (0ms)
			ExecutionOrderSort2 (0ms)
			AwakeInstancesAfterBackupRestoration (0ms)
Platform modules already initialized, skipping
Registering precompiled user dll's ...
Registered in 0.012605 seconds.
Begin MonoManager ReloadAssembly
Native extension for WindowsStandalone target not found
Refreshing native plugins compatible for Editor in 0.88 ms, found 2 plugins.
Preloading 0 native plugins for Editor in 0.00 ms.
Mono: successfully reloaded assembly
- Completed reload, in  2.043 seconds
Domain Reload Profiling:
	ReloadAssembly (2044ms)
		BeginReloadAssembly (274ms)
			ExecutionOrderSort (0ms)
			DisableScriptedObjects (9ms)
			BackupInstance (0ms)
			ReleaseScriptingObjects (0ms)
			CreateAndSetChildDomain (33ms)
		EndReloadAssembly (1650ms)
			LoadAssemblies (162ms)
			RebuildTransferFunctionScriptingTraits (0ms)
			SetupTypeCache (611ms)
			ReleaseScriptCaches (1ms)
			RebuildScriptCaches (103ms)
			SetupLoadedEditorAssemblies (587ms)
				LogAssemblyErrors (0ms)
				InitializePlatformSupportModulesInManaged (8ms)
				SetLoadedEditorAssemblies (1ms)
				RefreshPlugins (1ms)
				BeforeProcessingInitializeOnLoad (119ms)
				ProcessInitializeOnLoadAttributes (432ms)
				ProcessInitializeOnLoadMethodAttributes (15ms)
				AfterProcessingInitializeOnLoad (11ms)
				EditorAssembliesLoaded (0ms)
			ExecutionOrderSort2 (0ms)
			AwakeInstancesAfterBackupRestoration (12ms)
Platform modules already initialized, skipping
========================================================================
Worker process is ready to serve import requests
Launched and connected shader compiler UnityShaderCompiler.exe after 0.34 seconds
Refreshing native plugins compatible for Editor in 1.35 ms, found 2 plugins.
Preloading 0 native plugins for Editor in 0.00 ms.
Unloading 2166 Unused Serialized files (Serialized files now loaded: 0)
System memory in use before: 171.4 MB.
System memory in use after: 171.3 MB.

Unloading 28 unused Assets to reduce memory usage. Loaded Objects now: 2593.
Total: 12.027200 ms (FindLiveObjects: 2.908300 ms CreateObjectMapping: 0.237000 ms MarkObjects: 8.519800 ms  DeleteObjects: 0.358600 ms)

AssetImportParameters requested are different than current active one (requested -> active):
  custom:framework-win-MediaFoundation: 216162199b28c13a410421893ffa2e32 -> 
  custom:video-decoder-ogg-theora: a1e56fd34408186e4bbccfd4996cb3dc -> 
  custom:container-muxer-webm: aa71ff27fc2769a1b78a27578f13a17b -> 
  custom:container-demuxer-webm: 4f35f7cbe854078d1ac9338744f61a02 -> 
  custom:container-demuxer-ogg: 62fdf1f143b41e24485cea50d1cbac27 -> 
  custom:video-encoder-webm-vp8: eb34c28f22e8b96e1ab97ce403110664 -> 
  custom:video-decoder-webm-vp8: 9c59270c3fd7afecdb556c50c9e8de78 -> 
  custom:audio-decoder-ogg-vorbis: bf7c407c2cedff20999df2af8eb42d56 -> 
  custom:audio-encoder-webm-vorbis: bf7c407c2cedff20999df2af8eb42d56 -> 
========================================================================
Received Import Request.
  path: Assets/Scenes/Tutorial_Level.unity
  artifactKey: Guid(8f7e54c8cad1e9d4f818c50f3e97d5ae) Importer(815301076,1909f56bfc062723c751e8b465ee728b)
Start importing Assets/Scenes/Tutorial_Level.unity using Guid(8f7e54c8cad1e9d4f818c50f3e97d5ae) Importer(815301076,1909f56bfc062723c751e8b465ee728b)  -> (artifact id: '766fc01dadd2eefb0d5d779d7db48e86') in 0.105006 seconds 
  Import took 0.113748 seconds .

========================================================================
Received Import Request.
  Time since last request: 0.000330 seconds.
  path: Assets/Scenes/Main_Menu.unity
  artifactKey: Guid(5858e94c30ec9be43828e5debe4e66fd) Importer(815301076,1909f56bfc062723c751e8b465ee728b)
Start importing Assets/Scenes/Main_Menu.unity using Guid(5858e94c30ec9be43828e5debe4e66fd) Importer(815301076,1909f56bfc062723c751e8b465ee728b)  -> (artifact id: '45075815dff77ef1b471f5e2dc9d94ee') in 0.028932 seconds 
  Import took 0.034566 seconds .

========================================================================
Received Import Request.
  Time since last request: 30.440798 seconds.
  path: Assets/Materials/Dark Mat.mat
  artifactKey: Guid(983a1689006ab4140862143def0d4590) Importer(815301076,1909f56bfc062723c751e8b465ee728b)
Start importing Assets/Materials/Dark Mat.mat using Guid(983a1689006ab4140862143def0d4590) Importer(815301076,1909f56bfc062723c751e8b465ee728b)  -> (artifact id: '8d5d557b24c8793b4113df75ce4ce061') in 1.145375 seconds 
  Import took 1.152362 seconds .

========================================================================
Received Import Request.
  Time since last request: 0.000480 seconds.
  path: Assets/Materials/Ground.mat
  artifactKey: Guid(82a153973bed9b44d9969362ce61a754) Importer(815301076,1909f56bfc062723c751e8b465ee728b)
Start importing Assets/Materials/Ground.mat using Guid(82a153973bed9b44d9969362ce61a754) Importer(815301076,1909f56bfc062723c751e8b465ee728b)  -> (artifact id: '13fbb3a73d4647c99a5086032295dbb5') in 0.370558 seconds 
  Import took 0.378842 seconds .

========================================================================
Received Import Request.
  Time since last request: 0.000272 seconds.
  path: Assets/Materials/Object.mat
  artifactKey: Guid(fedc599b8abdbf840983f0f0c9c89d27) Importer(815301076,1909f56bfc062723c751e8b465ee728b)
Start importing Assets/Materials/Object.mat using Guid(fedc599b8abdbf840983f0f0c9c89d27) Importer(815301076,1909f56bfc062723c751e8b465ee728b)  -> (artifact id: '43c623448c36bc64bc79fd493da0fbf8') in 0.099880 seconds 
  Import took 0.112875 seconds .

========================================================================
Received Import Request.
  Time since last request: 0.000423 seconds.
  path: Assets/Materials/Floor Mat.mat
  artifactKey: Guid(cca9bac0c7892d647bd18c7620ceab0b) Importer(815301076,1909f56bfc062723c751e8b465ee728b)
Start importing Assets/Materials/Floor Mat.mat using Guid(cca9bac0c7892d647bd18c7620ceab0b) Importer(815301076,1909f56bfc062723c751e8b465ee728b)  -> (artifact id: '17f76691609a577546247b9961071710') in 0.200180 seconds 
  Import took 0.225621 seconds .

========================================================================
Received Import Request.
  Time since last request: 0.000329 seconds.
  path: Assets/Materials/Player Material.mat
  artifactKey: Guid(43e0d9a2163a320478dd38321349bcca) Importer(815301076,1909f56bfc062723c751e8b465ee728b)
Start importing Assets/Materials/Player Material.mat using Guid(43e0d9a2163a320478dd38321349bcca) Importer(815301076,1909f56bfc062723c751e8b465ee728b)  -> (artifact id: 'a89fef9545eb27941182082759175f04') in 0.106981 seconds 
  Import took 0.118771 seconds .

========================================================================
Received Prepare
Refreshing native plugins compatible for Editor in 53.60 ms, found 2 plugins.
Preloading 0 native plugins for Editor in 0.00 ms.
Unloading 20 Unused Serialized files (Serialized files now loaded: 0)
System memory in use before: 127.6 MB.
System memory in use after: 127.5 MB.

Unloading 20 unused Assets to reduce memory usage. Loaded Objects now: 2633.
Total: 6.371500 ms (FindLiveObjects: 0.462600 ms CreateObjectMapping: 0.102200 ms MarkObjects: 5.567100 ms  DeleteObjects: 0.238200 ms)

AssetImportParameters requested are different than current active one (requested -> active):
  custom:framework-win-MediaFoundation: 216162199b28c13a410421893ffa2e32 -> 
  custom:video-decoder-ogg-theora: a1e56fd34408186e4bbccfd4996cb3dc -> 
  custom:container-muxer-webm: aa71ff27fc2769a1b78a27578f13a17b -> 
  custom:container-demuxer-webm: 4f35f7cbe854078d1ac9338744f61a02 -> 
  custom:container-demuxer-ogg: 62fdf1f143b41e24485cea50d1cbac27 -> 
  custom:video-encoder-webm-vp8: eb34c28f22e8b96e1ab97ce403110664 -> 
  custom:video-decoder-webm-vp8: 9c59270c3fd7afecdb556c50c9e8de78 -> 
  custom:audio-decoder-ogg-vorbis: bf7c407c2cedff20999df2af8eb42d56 -> 
  custom:audio-encoder-webm-vorbis: bf7c407c2cedff20999df2af8eb42d56 -> 
========================================================================
Received Import Request.
  Time since last request: 84.877766 seconds.
  path: Assets/Fonts/Roboto-Black.ttf
  artifactKey: Guid(bd4dcdf8898efd94aa04442f00241cd2) Importer(815301076,1909f56bfc062723c751e8b465ee728b)
Start importing Assets/Fonts/Roboto-Black.ttf using Guid(bd4dcdf8898efd94aa04442f00241cd2) Importer(815301076,1909f56bfc062723c751e8b465ee728b)  -> (artifact id: '770510ba2d8e042f3bb84eb2a742c6ae') in 0.336282 seconds 
  Import took 0.342677 seconds .

========================================================================
Received Import Request.
  Time since last request: 0.000288 seconds.
  path: Assets/Fonts/Roboto-LightItalic.ttf
  artifactKey: Guid(f0dbff68541449f45ac4acc27ce27d28) Importer(815301076,1909f56bfc062723c751e8b465ee728b)
Start importing Assets/Fonts/Roboto-LightItalic.ttf using Guid(f0dbff68541449f45ac4acc27ce27d28) Importer(815301076,1909f56bfc062723c751e8b465ee728b)  -> (artifact id: '6affbb3ca079415515c52441aa522987') in 0.160917 seconds 
  Import took 0.170277 seconds .

========================================================================
Received Import Request.
  Time since last request: 0.000279 seconds.
  path: Assets/Fonts/Roboto-MediumItalic.ttf
  artifactKey: Guid(4e592e9d42d492a4f91c24aaf57e2afc) Importer(815301076,1909f56bfc062723c751e8b465ee728b)
Start importing Assets/Fonts/Roboto-MediumItalic.ttf using Guid(4e592e9d42d492a4f91c24aaf57e2afc) Importer(815301076,1909f56bfc062723c751e8b465ee728b)  -> (artifact id: 'ebd737b17283fd3917701898235371de') in 0.167520 seconds 
  Import took 0.181234 seconds .

========================================================================
Received Import Request.
  Time since last request: 0.000355 seconds.
  path: Assets/Fonts/Roboto-Light.ttf
  artifactKey: Guid(b8633053c0ef03e41ae3c425ca9be482) Importer(815301076,1909f56bfc062723c751e8b465ee728b)
Start importing Assets/Fonts/Roboto-Light.ttf using Guid(b8633053c0ef03e41ae3c425ca9be482) Importer(815301076,1909f56bfc062723c751e8b465ee728b)  -> (artifact id: 'e32fd3212e8b9b36b52b152b0f8a4f38') in 0.166597 seconds 
  Import took 0.189915 seconds .

========================================================================
Received Import Request.
  Time since last request: 0.000301 seconds.
  path: Assets/Fonts/Roboto-Medium.ttf
  artifactKey: Guid(1948ca5a6cd9d3f46b3bf014cb45ac6d) Importer(815301076,1909f56bfc062723c751e8b465ee728b)
Start importing Assets/Fonts/Roboto-Medium.ttf using Guid(1948ca5a6cd9d3f46b3bf014cb45ac6d) Importer(815301076,1909f56bfc062723c751e8b465ee728b)  -> (artifact id: '9ee39d466f5de4c496096d0bee731527') in 0.155858 seconds 
  Import took 0.163928 seconds .

========================================================================
Received Import Request.
  Time since last request: 0.000340 seconds.
  path: Assets/Fonts/Roboto-BoldItalic.ttf
  artifactKey: Guid(c801db150a382ea46ac2646f27ba1b66) Importer(815301076,1909f56bfc062723c751e8b465ee728b)
Start importing Assets/Fonts/Roboto-BoldItalic.ttf using Guid(c801db150a382ea46ac2646f27ba1b66) Importer(815301076,1909f56bfc062723c751e8b465ee728b)  -> (artifact id: 'aa1fccf9bfe938c708bc4e6d085dd13a') in 0.179173 seconds 
  Import took 0.189981 seconds .

========================================================================
Received Import Request.
  Time since last request: 0.000318 seconds.
  path: Assets/Fonts/Roboto-Italic.ttf
  artifactKey: Guid(b5998fbbe316a3a449e5bcda93b5f8da) Importer(815301076,1909f56bfc062723c751e8b465ee728b)
Start importing Assets/Fonts/Roboto-Italic.ttf using Guid(b5998fbbe316a3a449e5bcda93b5f8da) Importer(815301076,1909f56bfc062723c751e8b465ee728b)  -> (artifact id: 'a647d9213da804f82f206c7cf4de58e0') in 0.160022 seconds 
  Import took 0.171737 seconds .

========================================================================
Received Import Request.
  Time since last request: 0.000335 seconds.
  path: Assets/Fonts/Roboto-Regular.ttf
  artifactKey: Guid(fe12a33ea9a938b4491fad218fbe439d) Importer(815301076,1909f56bfc062723c751e8b465ee728b)
Start importing Assets/Fonts/Roboto-Regular.ttf using Guid(fe12a33ea9a938b4491fad218fbe439d) Importer(815301076,1909f56bfc062723c751e8b465ee728b)  -> (artifact id: '2e3347fc6b4ed19c7ff7cebd4569cc65') in 0.150811 seconds 
  Import took 0.170350 seconds .

========================================================================
Received Import Request.
  Time since last request: 0.000315 seconds.
  path: Assets/Fonts/Roboto-ThinItalic.ttf
  artifactKey: Guid(3e22370f843ae33428aeae5736acd11c) Importer(815301076,1909f56bfc062723c751e8b465ee728b)
Start importing Assets/Fonts/Roboto-ThinItalic.ttf using Guid(3e22370f843ae33428aeae5736acd11c) Importer(815301076,1909f56bfc062723c751e8b465ee728b)  -> (artifact id: '63496a9aa36a3b35ed828f02cfbece66') in 0.153283 seconds 
  Import took 0.165070 seconds .

========================================================================
Received Import Request.
  Time since last request: 0.015801 seconds.
  path: Assets/Fonts/Roboto-Bold.ttf
  artifactKey: Guid(b198f05cee31312459c1a4a081d7151b) Importer(815301076,1909f56bfc062723c751e8b465ee728b)
Start importing Assets/Fonts/Roboto-Bold.ttf using Guid(b198f05cee31312459c1a4a081d7151b) Importer(815301076,1909f56bfc062723c751e8b465ee728b)  -> (artifact id: '83e0cf291c0644db58b1fa28e8cd2fde') in 0.140559 seconds 
  Import took 0.167834 seconds .

========================================================================
Received Import Request.
  Time since last request: 0.007054 seconds.
  path: Assets/Fonts/Roboto-Thin.ttf
  artifactKey: Guid(76a9087c472652743bb6b948a3bb093d) Importer(815301076,1909f56bfc062723c751e8b465ee728b)
Start importing Assets/Fonts/Roboto-Thin.ttf using Guid(76a9087c472652743bb6b948a3bb093d) Importer(815301076,1909f56bfc062723c751e8b465ee728b)  -> (artifact id: '584dd6ce4a5e4f71d310b55a8a222c48') in 0.159237 seconds 
  Import took 0.176509 seconds .

========================================================================
Received Import Request.
  Time since last request: 0.000307 seconds.
  path: Assets/Fonts/Roboto-BlackItalic.ttf
  artifactKey: Guid(ba78d702929994449a2ddd98a34245a5) Importer(815301076,1909f56bfc062723c751e8b465ee728b)
Start importing Assets/Fonts/Roboto-BlackItalic.ttf using Guid(ba78d702929994449a2ddd98a34245a5) Importer(815301076,1909f56bfc062723c751e8b465ee728b)  -> (artifact id: '3225ed237b7468a8180357c8fcde4ce7') in 0.164306 seconds 
  Import took 0.175543 seconds .

========================================================================
Received Import Request.
  Time since last request: 0.316778 seconds.
  path: Assets/Scripts
  artifactKey: Guid(0738c02a9b2a5644eaf4356573bc9e36) Importer(815301076,1909f56bfc062723c751e8b465ee728b)
Start importing Assets/Scripts using Guid(0738c02a9b2a5644eaf4356573bc9e36) Importer(815301076,1909f56bfc062723c751e8b465ee728b)  -> (artifact id: '45133f5de438b9d3fbfa460951d8be68') in 0.009313 seconds 
  Import took 0.017103 seconds .

========================================================================
Received Import Request.
  Time since last request: 1.428578 seconds.
  path: Assets/Scripts/Timer.cs
  artifactKey: Guid(6a196049cf6851641b049de5e1415723) Importer(815301076,1909f56bfc062723c751e8b465ee728b)
Start importing Assets/Scripts/Timer.cs using Guid(6a196049cf6851641b049de5e1415723) Importer(815301076,1909f56bfc062723c751e8b465ee728b)  -> (artifact id: '353fa709abd2f861fb0eac1ead5352ea') in 0.106091 seconds 
  Import took 0.112466 seconds .

========================================================================
Received Import Request.
  Time since last request: 0.514226 seconds.
  path: Assets/Scripts/PlayerMovement.cs
  artifactKey: Guid(46a6e675ebd17124e8402da5bfeea4c7) Importer(815301076,1909f56bfc062723c751e8b465ee728b)
Start importing Assets/Scripts/PlayerMovement.cs using Guid(46a6e675ebd17124e8402da5bfeea4c7) Importer(815301076,1909f56bfc062723c751e8b465ee728b)  -> (artifact id: '6d68496df415dfa0b3f7fce7ca2faf30') in 0.025494 seconds 
  Import took 0.031906 seconds .

========================================================================
Received Import Request.
  Time since last request: 0.753056 seconds.
  path: Assets/Scripts/PlayerGrow.cs
  artifactKey: Guid(c6982ca738a5d9f45bc382a35bb44143) Importer(815301076,1909f56bfc062723c751e8b465ee728b)
Start importing Assets/Scripts/PlayerGrow.cs using Guid(c6982ca738a5d9f45bc382a35bb44143) Importer(815301076,1909f56bfc062723c751e8b465ee728b)  -> (artifact id: '3a29dd4232658c2a96bfd53c94b7ace5') in 0.011462 seconds 
  Import took 0.018964 seconds .

========================================================================
Received Import Request.
  Time since last request: 0.970537 seconds.
  path: Assets/Scripts/MouseLook.cs
  artifactKey: Guid(63caeb96f1ee6f941933e490a9eb6845) Importer(815301076,1909f56bfc062723c751e8b465ee728b)
Start importing Assets/Scripts/MouseLook.cs using Guid(63caeb96f1ee6f941933e490a9eb6845) Importer(815301076,1909f56bfc062723c751e8b465ee728b)  -> (artifact id: '801dfc727e5873dc517cd67557948570') in 0.015663 seconds 
  Import took 0.024927 seconds .

========================================================================
Received Import Request.
  Time since last request: 1.155928 seconds.
  path: Assets/Scripts/MainMenu.cs
  artifactKey: Guid(0d5e9c602cb07b540806774403df178f) Importer(815301076,1909f56bfc062723c751e8b465ee728b)
Start importing Assets/Scripts/MainMenu.cs using Guid(0d5e9c602cb07b540806774403df178f) Importer(815301076,1909f56bfc062723c751e8b465ee728b)  -> (artifact id: '6d0d19716193ae5f620da7928f998613') in 0.009260 seconds 
  Import took 0.019134 seconds .

========================================================================
Received Import Request.
  Time since last request: 30.190494 seconds.
  path: Assets/Scripts/Leaderboard.cs
  artifactKey: Guid(0710f42d16faffa459907412204d0260) Importer(815301076,1909f56bfc062723c751e8b465ee728b)
Start importing Assets/Scripts/Leaderboard.cs using Guid(0710f42d16faffa459907412204d0260) Importer(815301076,1909f56bfc062723c751e8b465ee728b)  -> (artifact id: '8e5d5076bd3569a6f88904d37e3dfe28') in 0.020373 seconds 
  Import took 0.030248 seconds .

========================================================================
Received Prepare
Registering precompiled user dll's ...
Registered in 0.175561 seconds.
Begin MonoManager ReloadAssembly
Native extension for WindowsStandalone target not found
Refreshing native plugins compatible for Editor in 1.12 ms, found 2 plugins.
Preloading 0 native plugins for Editor in 0.00 ms.
Mono: successfully reloaded assembly
- Completed reload, in  1.895 seconds
Domain Reload Profiling:
	ReloadAssembly (1896ms)
		BeginReloadAssembly (207ms)
			ExecutionOrderSort (0ms)
			DisableScriptedObjects (7ms)
			BackupInstance (0ms)
			ReleaseScriptingObjects (0ms)
			CreateAndSetChildDomain (63ms)
		EndReloadAssembly (1569ms)
			LoadAssemblies (162ms)
			RebuildTransferFunctionScriptingTraits (0ms)
			SetupTypeCache (586ms)
			ReleaseScriptCaches (2ms)
			RebuildScriptCaches (90ms)
			SetupLoadedEditorAssemblies (548ms)
				LogAssemblyErrors (0ms)
				InitializePlatformSupportModulesInManaged (8ms)
				SetLoadedEditorAssemblies (1ms)
				RefreshPlugins (1ms)
				BeforeProcessingInitializeOnLoad (105ms)
				ProcessInitializeOnLoadAttributes (407ms)
				ProcessInitializeOnLoadMethodAttributes (15ms)
				AfterProcessingInitializeOnLoad (10ms)
				EditorAssembliesLoaded (0ms)
			ExecutionOrderSort2 (0ms)
			AwakeInstancesAfterBackupRestoration (11ms)
Platform modules already initialized, skipping
Refreshing native plugins compatible for Editor in 1.11 ms, found 2 plugins.
Preloading 0 native plugins for Editor in 0.00 ms.
Unloading 2103 Unused Serialized files (Serialized files now loaded: 0)
System memory in use before: 169.0 MB.
System memory in use after: 169.0 MB.

Unloading 23 unused Assets to reduce memory usage. Loaded Objects now: 2640.
Total: 5.438500 ms (FindLiveObjects: 0.404600 ms CreateObjectMapping: 0.103200 ms MarkObjects: 4.678300 ms  DeleteObjects: 0.250600 ms)

AssetImportParameters requested are different than current active one (requested -> active):
  custom:framework-win-MediaFoundation: 216162199b28c13a410421893ffa2e32 -> 
  custom:video-decoder-ogg-theora: a1e56fd34408186e4bbccfd4996cb3dc -> 
  custom:container-muxer-webm: aa71ff27fc2769a1b78a27578f13a17b -> 
  custom:container-demuxer-webm: 4f35f7cbe854078d1ac9338744f61a02 -> 
  custom:container-demuxer-ogg: 62fdf1f143b41e24485cea50d1cbac27 -> 
  custom:video-encoder-webm-vp8: eb34c28f22e8b96e1ab97ce403110664 -> 
  custom:video-decoder-webm-vp8: 9c59270c3fd7afecdb556c50c9e8de78 -> 
  custom:audio-decoder-ogg-vorbis: bf7c407c2cedff20999df2af8eb42d56 -> 
  custom:audio-encoder-webm-vorbis: bf7c407c2cedff20999df2af8eb42d56 -> 
========================================================================
Received Prepare
Registering precompiled user dll's ...
Registered in 0.007302 seconds.
Begin MonoManager ReloadAssembly
Native extension for WindowsStandalone target not found
Refreshing native plugins compatible for Editor in 0.95 ms, found 2 plugins.
Preloading 0 native plugins for Editor in 0.00 ms.
Mono: successfully reloaded assembly
- Completed reload, in  2.109 seconds
Domain Reload Profiling:
	ReloadAssembly (2110ms)
		BeginReloadAssembly (227ms)
			ExecutionOrderSort (0ms)
			DisableScriptedObjects (8ms)
			BackupInstance (0ms)
			ReleaseScriptingObjects (0ms)
			CreateAndSetChildDomain (81ms)
		EndReloadAssembly (1753ms)
			LoadAssemblies (163ms)
			RebuildTransferFunctionScriptingTraits (0ms)
			SetupTypeCache (660ms)
			ReleaseScriptCaches (2ms)
			RebuildScriptCaches (160ms)
			SetupLoadedEditorAssemblies (571ms)
				LogAssemblyErrors (0ms)
				InitializePlatformSupportModulesInManaged (9ms)
				SetLoadedEditorAssemblies (1ms)
				RefreshPlugins (1ms)
				BeforeProcessingInitializeOnLoad (105ms)
				ProcessInitializeOnLoadAttributes (430ms)
				ProcessInitializeOnLoadMethodAttributes (15ms)
				AfterProcessingInitializeOnLoad (11ms)
				EditorAssembliesLoaded (0ms)
			ExecutionOrderSort2 (0ms)
			AwakeInstancesAfterBackupRestoration (12ms)
Platform modules already initialized, skipping
Refreshing native plugins compatible for Editor in 0.90 ms, found 2 plugins.
Preloading 0 native plugins for Editor in 0.00 ms.
Unloading 2102 Unused Serialized files (Serialized files now loaded: 0)
System memory in use before: 169.0 MB.
System memory in use after: 169.0 MB.

Unloading 23 unused Assets to reduce memory usage. Loaded Objects now: 2642.
Total: 5.522200 ms (FindLiveObjects: 0.454200 ms CreateObjectMapping: 0.107200 ms MarkObjects: 4.694000 ms  DeleteObjects: 0.264700 ms)

AssetImportParameters requested are different than current active one (requested -> active):
  custom:framework-win-MediaFoundation: 216162199b28c13a410421893ffa2e32 -> 
  custom:video-decoder-ogg-theora: a1e56fd34408186e4bbccfd4996cb3dc -> 
  custom:container-muxer-webm: aa71ff27fc2769a1b78a27578f13a17b -> 
  custom:container-demuxer-webm: 4f35f7cbe854078d1ac9338744f61a02 -> 
  custom:container-demuxer-ogg: 62fdf1f143b41e24485cea50d1cbac27 -> 
  custom:video-encoder-webm-vp8: eb34c28f22e8b96e1ab97ce403110664 -> 
  custom:video-decoder-webm-vp8: 9c59270c3fd7afecdb556c50c9e8de78 -> 
  custom:audio-decoder-ogg-vorbis: bf7c407c2cedff20999df2af8eb42d56 -> 
  custom:audio-encoder-webm-vorbis: bf7c407c2cedff20999df2af8eb42d56 -> 
========================================================================
Received Prepare
Registering precompiled user dll's ...
Registered in 0.051551 seconds.
Begin MonoManager ReloadAssembly
Native extension for WindowsStandalone target not found
Refreshing native plugins compatible for Editor in 0.89 ms, found 2 plugins.
Preloading 0 native plugins for Editor in 0.00 ms.
Mono: successfully reloaded assembly
- Completed reload, in  1.967 seconds
Domain Reload Profiling:
	ReloadAssembly (1968ms)
		BeginReloadAssembly (206ms)
			ExecutionOrderSort (0ms)
			DisableScriptedObjects (8ms)
			BackupInstance (0ms)
			ReleaseScriptingObjects (0ms)
			CreateAndSetChildDomain (67ms)
		EndReloadAssembly (1640ms)
			LoadAssemblies (178ms)
			RebuildTransferFunctionScriptingTraits (0ms)
			SetupTypeCache (615ms)
			ReleaseScriptCaches (3ms)
			RebuildScriptCaches (92ms)
			SetupLoadedEditorAssemblies (562ms)
				LogAssemblyErrors (0ms)
				InitializePlatformSupportModulesInManaged (9ms)
				SetLoadedEditorAssemblies (1ms)
				RefreshPlugins (1ms)
				BeforeProcessingInitializeOnLoad (106ms)
				ProcessInitializeOnLoadAttributes (421ms)
				ProcessInitializeOnLoadMethodAttributes (14ms)
				AfterProcessingInitializeOnLoad (10ms)
				EditorAssembliesLoaded (0ms)
			ExecutionOrderSort2 (0ms)
			AwakeInstancesAfterBackupRestoration (12ms)
Platform modules already initialized, skipping
Refreshing native plugins compatible for Editor in 0.96 ms, found 2 plugins.
Preloading 0 native plugins for Editor in 0.00 ms.
Unloading 2102 Unused Serialized files (Serialized files now loaded: 0)
System memory in use before: 169.0 MB.
System memory in use after: 169.0 MB.

Unloading 23 unused Assets to reduce memory usage. Loaded Objects now: 2644.
Total: 5.636000 ms (FindLiveObjects: 0.461400 ms CreateObjectMapping: 0.102500 ms MarkObjects: 4.808300 ms  DeleteObjects: 0.262100 ms)

AssetImportParameters requested are different than current active one (requested -> active):
  custom:framework-win-MediaFoundation: 216162199b28c13a410421893ffa2e32 -> 
  custom:video-decoder-ogg-theora: a1e56fd34408186e4bbccfd4996cb3dc -> 
  custom:container-muxer-webm: aa71ff27fc2769a1b78a27578f13a17b -> 
  custom:container-demuxer-webm: 4f35f7cbe854078d1ac9338744f61a02 -> 
  custom:container-demuxer-ogg: 62fdf1f143b41e24485cea50d1cbac27 -> 
  custom:video-encoder-webm-vp8: eb34c28f22e8b96e1ab97ce403110664 -> 
  custom:video-decoder-webm-vp8: 9c59270c3fd7afecdb556c50c9e8de78 -> 
  custom:audio-decoder-ogg-vorbis: bf7c407c2cedff20999df2af8eb42d56 -> 
  custom:audio-encoder-webm-vorbis: bf7c407c2cedff20999df2af8eb42d56 -> 
========================================================================
Received Import Request.
  Time since last request: 988.704670 seconds.
  path: Assets/Scripts/Leaderboard.cs
  artifactKey: Guid(0710f42d16faffa459907412204d0260) Importer(815301076,1909f56bfc062723c751e8b465ee728b)
Start importing Assets/Scripts/Leaderboard.cs using Guid(0710f42d16faffa459907412204d0260) Importer(815301076,1909f56bfc062723c751e8b465ee728b)  -> (artifact id: '577a1be02ccf3e865858e3d25e7e6453') in 0.009948 seconds 
  Import took 0.024336 seconds .

========================================================================
Received Import Request.
  Time since last request: 1788.529822 seconds.
  path: Assets/Scripts/PlayerGrow.cs
  artifactKey: Guid(c6982ca738a5d9f45bc382a35bb44143) Importer(815301076,1909f56bfc062723c751e8b465ee728b)
Start importing Assets/Scripts/PlayerGrow.cs using Guid(c6982ca738a5d9f45bc382a35bb44143) Importer(815301076,1909f56bfc062723c751e8b465ee728b)  -> (artifact id: 'd1bb67e2ccd3a30495b06e7bf1e4ca50') in 3.545908 seconds 
  Import took 19.525550 seconds .

========================================================================
Received Prepare
Registering precompiled user dll's ...
Registered in 1.246581 seconds.
Begin MonoManager ReloadAssembly
Native extension for WindowsStandalone target not found
Refreshing native plugins compatible for Editor in 1.05 ms, found 2 plugins.
Preloading 0 native plugins for Editor in 0.00 ms.
Mono: successfully reloaded assembly
- Completed reload, in  8.858 seconds
Domain Reload Profiling:
	ReloadAssembly (8963ms)
		BeginReloadAssembly (4370ms)
			ExecutionOrderSort (0ms)
			DisableScriptedObjects (308ms)
			BackupInstance (0ms)
			ReleaseScriptingObjects (0ms)
			CreateAndSetChildDomain (1106ms)
		EndReloadAssembly (4327ms)
			LoadAssemblies (2648ms)
			RebuildTransferFunctionScriptingTraits (0ms)
			SetupTypeCache (770ms)
			ReleaseScriptCaches (2ms)
			RebuildScriptCaches (129ms)
			SetupLoadedEditorAssemblies (980ms)
				LogAssemblyErrors (0ms)
				InitializePlatformSupportModulesInManaged (53ms)
				SetLoadedEditorAssemblies (1ms)
				RefreshPlugins (1ms)
				BeforeProcessingInitializeOnLoad (136ms)
				ProcessInitializeOnLoadAttributes (603ms)
				ProcessInitializeOnLoadMethodAttributes (173ms)
				AfterProcessingInitializeOnLoad (12ms)
				EditorAssembliesLoaded (1ms)
			ExecutionOrderSort2 (0ms)
			AwakeInstancesAfterBackupRestoration (13ms)
Platform modules already initialized, skipping
Refreshing native plugins compatible for Editor in 1.01 ms, found 2 plugins.
Preloading 0 native plugins for Editor in 0.00 ms.
Unloading 2102 Unused Serialized files (Serialized files now loaded: 0)
System memory in use before: 169.1 MB.
System memory in use after: 169.0 MB.

Unloading 23 unused Assets to reduce memory usage. Loaded Objects now: 2646.
Total: 17.259900 ms (FindLiveObjects: 0.586000 ms CreateObjectMapping: 0.118300 ms MarkObjects: 5.166100 ms  DeleteObjects: 11.387900 ms)

AssetImportParameters requested are different than current active one (requested -> active):
  custom:framework-win-MediaFoundation: 216162199b28c13a410421893ffa2e32 -> 
  custom:video-decoder-ogg-theora: a1e56fd34408186e4bbccfd4996cb3dc -> 
  custom:container-muxer-webm: aa71ff27fc2769a1b78a27578f13a17b -> 
  custom:container-demuxer-webm: 4f35f7cbe854078d1ac9338744f61a02 -> 
  custom:container-demuxer-ogg: 62fdf1f143b41e24485cea50d1cbac27 -> 
  custom:video-encoder-webm-vp8: eb34c28f22e8b96e1ab97ce403110664 -> 
  custom:video-decoder-webm-vp8: 9c59270c3fd7afecdb556c50c9e8de78 -> 
  custom:audio-decoder-ogg-vorbis: bf7c407c2cedff20999df2af8eb42d56 -> 
  custom:audio-encoder-webm-vorbis: bf7c407c2cedff20999df2af8eb42d56 -> 
========================================================================
Received Prepare
Registering precompiled user dll's ...
Registered in 0.471215 seconds.
Begin MonoManager ReloadAssembly
Native extension for WindowsStandalone target not found
Refreshing native plugins compatible for Editor in 0.93 ms, found 2 plugins.
Preloading 0 native plugins for Editor in 0.00 ms.
Mono: successfully reloaded assembly
- Completed reload, in  5.979 seconds
Domain Reload Profiling:
	ReloadAssembly (5980ms)
		BeginReloadAssembly (548ms)
			ExecutionOrderSort (0ms)
			DisableScriptedObjects (10ms)
			BackupInstance (0ms)
			ReleaseScriptingObjects (0ms)
			CreateAndSetChildDomain (71ms)
		EndReloadAssembly (5295ms)
			LoadAssemblies (3148ms)
			RebuildTransferFunctionScriptingTraits (0ms)
			SetupTypeCache (989ms)
			ReleaseScriptCaches (2ms)
			RebuildScriptCaches (96ms)
			SetupLoadedEditorAssemblies (927ms)
				LogAssemblyErrors (0ms)
				InitializePlatformSupportModulesInManaged (8ms)
				SetLoadedEditorAssemblies (1ms)
				RefreshPlugins (1ms)
				BeforeProcessingInitializeOnLoad (113ms)
				ProcessInitializeOnLoadAttributes (586ms)
				ProcessInitializeOnLoadMethodAttributes (206ms)
				AfterProcessingInitializeOnLoad (12ms)
				EditorAssembliesLoaded (0ms)
			ExecutionOrderSort2 (0ms)
			AwakeInstancesAfterBackupRestoration (13ms)
Platform modules already initialized, skipping
Refreshing native plugins compatible for Editor in 1.02 ms, found 2 plugins.
Preloading 0 native plugins for Editor in 0.00 ms.
Unloading 2102 Unused Serialized files (Serialized files now loaded: 0)
System memory in use before: 169.0 MB.
System memory in use after: 168.9 MB.

Unloading 23 unused Assets to reduce memory usage. Loaded Objects now: 2648.
Total: 11.134300 ms (FindLiveObjects: 0.423900 ms CreateObjectMapping: 0.103000 ms MarkObjects: 4.767100 ms  DeleteObjects: 5.838000 ms)

AssetImportParameters requested are different than current active one (requested -> active):
  custom:framework-win-MediaFoundation: 216162199b28c13a410421893ffa2e32 -> 
  custom:video-decoder-ogg-theora: a1e56fd34408186e4bbccfd4996cb3dc -> 
  custom:container-muxer-webm: aa71ff27fc2769a1b78a27578f13a17b -> 
  custom:container-demuxer-webm: 4f35f7cbe854078d1ac9338744f61a02 -> 
  custom:container-demuxer-ogg: 62fdf1f143b41e24485cea50d1cbac27 -> 
  custom:video-encoder-webm-vp8: eb34c28f22e8b96e1ab97ce403110664 -> 
  custom:video-decoder-webm-vp8: 9c59270c3fd7afecdb556c50c9e8de78 -> 
  custom:audio-decoder-ogg-vorbis: bf7c407c2cedff20999df2af8eb42d56 -> 
  custom:audio-encoder-webm-vorbis: bf7c407c2cedff20999df2af8eb42d56 -> 
========================================================================
Received Import Request.
  Time since last request: 212.678182 seconds.
  path: Assets/Scripts/PlayerMovement.cs
  artifactKey: Guid(46a6e675ebd17124e8402da5bfeea4c7) Importer(815301076,1909f56bfc062723c751e8b465ee728b)
Start importing Assets/Scripts/PlayerMovement.cs using Guid(46a6e675ebd17124e8402da5bfeea4c7) Importer(815301076,1909f56bfc062723c751e8b465ee728b)  -> (artifact id: '04c9415ca41eadac2bfdaf1908ed3ad6') in 0.064543 seconds 
  Import took 0.086432 seconds .

========================================================================
Received Prepare
Registering precompiled user dll's ...
Registered in 0.007653 seconds.
Begin MonoManager ReloadAssembly
Native extension for WindowsStandalone target not found
Refreshing native plugins compatible for Editor in 1.15 ms, found 2 plugins.
Preloading 0 native plugins for Editor in 0.00 ms.
Mono: successfully reloaded assembly
- Completed reload, in  2.852 seconds
Domain Reload Profiling:
	ReloadAssembly (2853ms)
		BeginReloadAssembly (237ms)
			ExecutionOrderSort (0ms)
			DisableScriptedObjects (9ms)
			BackupInstance (0ms)
			ReleaseScriptingObjects (0ms)
			CreateAndSetChildDomain (73ms)
		EndReloadAssembly (2343ms)
			LoadAssemblies (308ms)
			RebuildTransferFunctionScriptingTraits (0ms)
			SetupTypeCache (787ms)
			ReleaseScriptCaches (2ms)
			RebuildScriptCaches (111ms)
			SetupLoadedEditorAssemblies (824ms)
				LogAssemblyErrors (0ms)
				InitializePlatformSupportModulesInManaged (9ms)
				SetLoadedEditorAssemblies (1ms)
				RefreshPlugins (2ms)
				BeforeProcessingInitializeOnLoad (131ms)
				ProcessInitializeOnLoadAttributes (638ms)
				ProcessInitializeOnLoadMethodAttributes (28ms)
				AfterProcessingInitializeOnLoad (13ms)
				EditorAssembliesLoaded (2ms)
			ExecutionOrderSort2 (0ms)
			AwakeInstancesAfterBackupRestoration (12ms)
Platform modules already initialized, skipping
Refreshing native plugins compatible for Editor in 0.90 ms, found 2 plugins.
Preloading 0 native plugins for Editor in 0.00 ms.
Unloading 2102 Unused Serialized files (Serialized files now loaded: 0)
System memory in use before: 169.1 MB.
System memory in use after: 169.0 MB.

Unloading 23 unused Assets to reduce memory usage. Loaded Objects now: 2650.
Total: 5.313900 ms (FindLiveObjects: 0.396900 ms CreateObjectMapping: 0.102600 ms MarkObjects: 4.540800 ms  DeleteObjects: 0.272000 ms)

AssetImportParameters requested are different than current active one (requested -> active):
  custom:framework-win-MediaFoundation: 216162199b28c13a410421893ffa2e32 -> 
  custom:video-decoder-ogg-theora: a1e56fd34408186e4bbccfd4996cb3dc -> 
  custom:container-muxer-webm: aa71ff27fc2769a1b78a27578f13a17b -> 
  custom:container-demuxer-webm: 4f35f7cbe854078d1ac9338744f61a02 -> 
  custom:container-demuxer-ogg: 62fdf1f143b41e24485cea50d1cbac27 -> 
  custom:video-encoder-webm-vp8: eb34c28f22e8b96e1ab97ce403110664 -> 
  custom:video-decoder-webm-vp8: 9c59270c3fd7afecdb556c50c9e8de78 -> 
  custom:audio-decoder-ogg-vorbis: bf7c407c2cedff20999df2af8eb42d56 -> 
  custom:audio-encoder-webm-vorbis: bf7c407c2cedff20999df2af8eb42d56 -> 
========================================================================
Received Prepare
Registering precompiled user dll's ...
Registered in 0.999189 seconds.
Begin MonoManager ReloadAssembly
Native extension for WindowsStandalone target not found
Refreshing native plugins compatible for Editor in 0.96 ms, found 2 plugins.
Preloading 0 native plugins for Editor in 0.00 ms.
Mono: successfully reloaded assembly
- Completed reload, in  3.206 seconds
Domain Reload Profiling:
	ReloadAssembly (3207ms)
		BeginReloadAssembly (243ms)
			ExecutionOrderSort (0ms)
			DisableScriptedObjects (9ms)
			BackupInstance (0ms)
			ReleaseScriptingObjects (0ms)
			CreateAndSetChildDomain (66ms)
		EndReloadAssembly (2829ms)
			LoadAssemblies (1020ms)
			RebuildTransferFunctionScriptingTraits (0ms)
			SetupTypeCache (732ms)
			ReleaseScriptCaches (2ms)
			RebuildScriptCaches (108ms)
			SetupLoadedEditorAssemblies (752ms)
				LogAssemblyErrors (0ms)
				InitializePlatformSupportModulesInManaged (9ms)
				SetLoadedEditorAssemblies (1ms)
				RefreshPlugins (1ms)
				BeforeProcessingInitializeOnLoad (124ms)
				ProcessInitializeOnLoadAttributes (537ms)
				ProcessInitializeOnLoadMethodAttributes (69ms)
				AfterProcessingInitializeOnLoad (12ms)
				EditorAssembliesLoaded (0ms)
			ExecutionOrderSort2 (0ms)
			AwakeInstancesAfterBackupRestoration (14ms)
Platform modules already initialized, skipping
Refreshing native plugins compatible for Editor in 0.89 ms, found 2 plugins.
Preloading 0 native plugins for Editor in 0.00 ms.
Unloading 2102 Unused Serialized files (Serialized files now loaded: 0)
System memory in use before: 169.1 MB.
System memory in use after: 169.0 MB.

Unloading 23 unused Assets to reduce memory usage. Loaded Objects now: 2652.
Total: 15.846000 ms (FindLiveObjects: 0.457200 ms CreateObjectMapping: 0.100500 ms MarkObjects: 4.542100 ms  DeleteObjects: 10.744400 ms)

AssetImportParameters requested are different than current active one (requested -> active):
  custom:framework-win-MediaFoundation: 216162199b28c13a410421893ffa2e32 -> 
  custom:video-decoder-ogg-theora: a1e56fd34408186e4bbccfd4996cb3dc -> 
  custom:container-muxer-webm: aa71ff27fc2769a1b78a27578f13a17b -> 
  custom:container-demuxer-webm: 4f35f7cbe854078d1ac9338744f61a02 -> 
  custom:container-demuxer-ogg: 62fdf1f143b41e24485cea50d1cbac27 -> 
  custom:video-encoder-webm-vp8: eb34c28f22e8b96e1ab97ce403110664 -> 
  custom:video-decoder-webm-vp8: 9c59270c3fd7afecdb556c50c9e8de78 -> 
  custom:audio-decoder-ogg-vorbis: bf7c407c2cedff20999df2af8eb42d56 -> 
  custom:audio-encoder-webm-vorbis: bf7c407c2cedff20999df2af8eb42d56 -> 
========================================================================
Received Import Request.
  Time since last request: 381.730475 seconds.
  path: Assets/Scenes/Level_1.unity
  artifactKey: Guid(8f7e54c8cad1e9d4f818c50f3e97d5ae) Importer(815301076,1909f56bfc062723c751e8b465ee728b)
Start importing Assets/Scenes/Level_1.unity using Guid(8f7e54c8cad1e9d4f818c50f3e97d5ae) Importer(815301076,1909f56bfc062723c751e8b465ee728b)  -> (artifact id: 'cae80b94428ddf2332ef5606f02bc860') in 0.204908 seconds 
  Import took 0.305149 seconds .

========================================================================
Received Import Request.
  Time since last request: 0.000267 seconds.
  path: Assets/Scenes/Tutorial_Level 1.unity
  artifactKey: Guid(0ffb11ded7976474dbfde996d8b45f5a) Importer(815301076,1909f56bfc062723c751e8b465ee728b)
Start importing Assets/Scenes/Tutorial_Level 1.unity using Guid(0ffb11ded7976474dbfde996d8b45f5a) Importer(815301076,1909f56bfc062723c751e8b465ee728b)  -> (artifact id: 'b9703774387afe8215ee86ecc3a9974b') in 0.153202 seconds 
  Import took 0.213892 seconds .

========================================================================
Received Prepare
Registering precompiled user dll's ...
Registered in 0.007838 seconds.
Begin MonoManager ReloadAssembly
Native extension for WindowsStandalone target not found
Refreshing native plugins compatible for Editor in 1.10 ms, found 2 plugins.
Preloading 0 native plugins for Editor in 0.00 ms.
Mono: successfully reloaded assembly
- Completed reload, in  3.242 seconds
Domain Reload Profiling:
	ReloadAssembly (3242ms)
		BeginReloadAssembly (202ms)
			ExecutionOrderSort (0ms)
			DisableScriptedObjects (8ms)
			BackupInstance (0ms)
			ReleaseScriptingObjects (0ms)
			CreateAndSetChildDomain (60ms)
		EndReloadAssembly (2918ms)
			LoadAssemblies (180ms)
			RebuildTransferFunctionScriptingTraits (0ms)
			SetupTypeCache (651ms)
			ReleaseScriptCaches (2ms)
			RebuildScriptCaches (126ms)
			SetupLoadedEditorAssemblies (1716ms)
				LogAssemblyErrors (0ms)
				InitializePlatformSupportModulesInManaged (10ms)
				SetLoadedEditorAssemblies (1ms)
				RefreshPlugins (1ms)
				BeforeProcessingInitializeOnLoad (146ms)
				ProcessInitializeOnLoadAttributes (1503ms)
				ProcessInitializeOnLoadMethodAttributes (42ms)
				AfterProcessingInitializeOnLoad (12ms)
				EditorAssembliesLoaded (0ms)
			ExecutionOrderSort2 (0ms)
			AwakeInstancesAfterBackupRestoration (18ms)
Platform modules already initialized, skipping
Refreshing native plugins compatible for Editor in 0.89 ms, found 2 plugins.
Preloading 0 native plugins for Editor in 0.00 ms.
Unloading 2102 Unused Serialized files (Serialized files now loaded: 0)
System memory in use before: 169.1 MB.
System memory in use after: 169.0 MB.

Unloading 23 unused Assets to reduce memory usage. Loaded Objects now: 2654.
Total: 27.243300 ms (FindLiveObjects: 9.244500 ms CreateObjectMapping: 0.265900 ms MarkObjects: 4.647400 ms  DeleteObjects: 13.083400 ms)

AssetImportParameters requested are different than current active one (requested -> active):
  custom:framework-win-MediaFoundation: 216162199b28c13a410421893ffa2e32 -> 
  custom:video-decoder-ogg-theora: a1e56fd34408186e4bbccfd4996cb3dc -> 
  custom:container-muxer-webm: aa71ff27fc2769a1b78a27578f13a17b -> 
  custom:container-demuxer-webm: 4f35f7cbe854078d1ac9338744f61a02 -> 
  custom:container-demuxer-ogg: 62fdf1f143b41e24485cea50d1cbac27 -> 
  custom:video-encoder-webm-vp8: eb34c28f22e8b96e1ab97ce403110664 -> 
  custom:video-decoder-webm-vp8: 9c59270c3fd7afecdb556c50c9e8de78 -> 
  custom:audio-decoder-ogg-vorbis: bf7c407c2cedff20999df2af8eb42d56 -> 
  custom:audio-encoder-webm-vorbis: bf7c407c2cedff20999df2af8eb42d56 -> 
========================================================================
Received Import Request.
  Time since last request: 158.703148 seconds.
  path: Assets/Scenes/Tutorial_level.unity
  artifactKey: Guid(8f7e54c8cad1e9d4f818c50f3e97d5ae) Importer(815301076,1909f56bfc062723c751e8b465ee728b)
Start importing Assets/Scenes/Tutorial_level.unity using Guid(8f7e54c8cad1e9d4f818c50f3e97d5ae) Importer(815301076,1909f56bfc062723c751e8b465ee728b)  -> (artifact id: '9c940bff1995731eb746a0f07f5e9e0d') in 0.072271 seconds 
  Import took 0.090917 seconds .

========================================================================
Received Import Request.
  Time since last request: 11.080490 seconds.
  path: Assets/Scenes/Level_1.unity
  artifactKey: Guid(0ffb11ded7976474dbfde996d8b45f5a) Importer(815301076,1909f56bfc062723c751e8b465ee728b)
Start importing Assets/Scenes/Level_1.unity using Guid(0ffb11ded7976474dbfde996d8b45f5a) Importer(815301076,1909f56bfc062723c751e8b465ee728b)  -> (artifact id: '42cdf7f239bd9885ae1d7cb905a3e031') in 0.019763 seconds 
  Import took 0.045783 seconds .

========================================================================
Received Prepare
Registering precompiled user dll's ...
Registered in 0.942287 seconds.
Begin MonoManager ReloadAssembly
Native extension for WindowsStandalone target not found
Refreshing native plugins compatible for Editor in 1.12 ms, found 2 plugins.
Preloading 0 native plugins for Editor in 0.00 ms.
Mono: successfully reloaded assembly
- Completed reload, in  2.376 seconds
Domain Reload Profiling:
	ReloadAssembly (2377ms)
		BeginReloadAssembly (212ms)
			ExecutionOrderSort (0ms)
			DisableScriptedObjects (8ms)
			BackupInstance (0ms)
			ReleaseScriptingObjects (0ms)
			CreateAndSetChildDomain (65ms)
		EndReloadAssembly (2036ms)
			LoadAssemblies (178ms)
			RebuildTransferFunctionScriptingTraits (0ms)
			SetupTypeCache (676ms)
			ReleaseScriptCaches (2ms)
			RebuildScriptCaches (97ms)
			SetupLoadedEditorAssemblies (827ms)
				LogAssemblyErrors (0ms)
				InitializePlatformSupportModulesInManaged (10ms)
				SetLoadedEditorAssemblies (1ms)
				RefreshPlugins (1ms)
				BeforeProcessingInitializeOnLoad (135ms)
				ProcessInitializeOnLoadAttributes (653ms)
				ProcessInitializeOnLoadMethodAttributes (14ms)
				AfterProcessingInitializeOnLoad (12ms)
				EditorAssembliesLoaded (1ms)
			ExecutionOrderSort2 (0ms)
			AwakeInstancesAfterBackupRestoration (14ms)
Platform modules already initialized, skipping
Refreshing native plugins compatible for Editor in 1.07 ms, found 2 plugins.
Preloading 0 native plugins for Editor in 0.00 ms.
Unloading 2102 Unused Serialized files (Serialized files now loaded: 0)
System memory in use before: 169.1 MB.
System memory in use after: 169.0 MB.

Unloading 23 unused Assets to reduce memory usage. Loaded Objects now: 2656.
Total: 152.540300 ms (FindLiveObjects: 145.946700 ms CreateObjectMapping: 0.224400 ms MarkObjects: 5.916900 ms  DeleteObjects: 0.450200 ms)

AssetImportParameters requested are different than current active one (requested -> active):
  custom:framework-win-MediaFoundation: 216162199b28c13a410421893ffa2e32 -> 
  custom:video-decoder-ogg-theora: a1e56fd34408186e4bbccfd4996cb3dc -> 
  custom:container-muxer-webm: aa71ff27fc2769a1b78a27578f13a17b -> 
  custom:container-demuxer-webm: 4f35f7cbe854078d1ac9338744f61a02 -> 
  custom:container-demuxer-ogg: 62fdf1f143b41e24485cea50d1cbac27 -> 
  custom:video-encoder-webm-vp8: eb34c28f22e8b96e1ab97ce403110664 -> 
  custom:video-decoder-webm-vp8: 9c59270c3fd7afecdb556c50c9e8de78 -> 
  custom:audio-decoder-ogg-vorbis: bf7c407c2cedff20999df2af8eb42d56 -> 
  custom:audio-encoder-webm-vorbis: bf7c407c2cedff20999df2af8eb42d56 -> 
========================================================================
Received Prepare
Registering precompiled user dll's ...
Registered in 0.734058 seconds.
Begin MonoManager ReloadAssembly
Native extension for WindowsStandalone target not found
Refreshing native plugins compatible for Editor in 0.90 ms, found 2 plugins.
Preloading 0 native plugins for Editor in 0.00 ms.
Mono: successfully reloaded assembly
- Completed reload, in  4.081 seconds
Domain Reload Profiling:
	ReloadAssembly (4082ms)
		BeginReloadAssembly (203ms)
			ExecutionOrderSort (0ms)
			DisableScriptedObjects (9ms)
			BackupInstance (0ms)
			ReleaseScriptingObjects (0ms)
			CreateAndSetChildDomain (57ms)
		EndReloadAssembly (3760ms)
			LoadAssemblies (160ms)
			RebuildTransferFunctionScriptingTraits (0ms)
			SetupTypeCache (890ms)
			ReleaseScriptCaches (2ms)
			RebuildScriptCaches (85ms)
			SetupLoadedEditorAssemblies (2449ms)
				LogAssemblyErrors (0ms)
				InitializePlatformSupportModulesInManaged (8ms)
				SetLoadedEditorAssemblies (1ms)
				RefreshPlugins (1ms)
				BeforeProcessingInitializeOnLoad (100ms)
				ProcessInitializeOnLoadAttributes (2315ms)
				ProcessInitializeOnLoadMethodAttributes (14ms)
				AfterProcessingInitializeOnLoad (10ms)
				EditorAssembliesLoaded (0ms)
			ExecutionOrderSort2 (0ms)
			AwakeInstancesAfterBackupRestoration (11ms)
Platform modules already initialized, skipping
Refreshing native plugins compatible for Editor in 0.97 ms, found 2 plugins.
Preloading 0 native plugins for Editor in 0.00 ms.
Unloading 2102 Unused Serialized files (Serialized files now loaded: 0)
System memory in use before: 169.0 MB.
System memory in use after: 169.0 MB.

Unloading 23 unused Assets to reduce memory usage. Loaded Objects now: 2658.
Total: 6.610400 ms (FindLiveObjects: 0.521000 ms CreateObjectMapping: 0.101000 ms MarkObjects: 5.593000 ms  DeleteObjects: 0.392700 ms)

AssetImportParameters requested are different than current active one (requested -> active):
  custom:framework-win-MediaFoundation: 216162199b28c13a410421893ffa2e32 -> 
  custom:video-decoder-ogg-theora: a1e56fd34408186e4bbccfd4996cb3dc -> 
  custom:container-muxer-webm: aa71ff27fc2769a1b78a27578f13a17b -> 
  custom:container-demuxer-webm: 4f35f7cbe854078d1ac9338744f61a02 -> 
  custom:container-demuxer-ogg: 62fdf1f143b41e24485cea50d1cbac27 -> 
  custom:video-encoder-webm-vp8: eb34c28f22e8b96e1ab97ce403110664 -> 
  custom:video-decoder-webm-vp8: 9c59270c3fd7afecdb556c50c9e8de78 -> 
  custom:audio-decoder-ogg-vorbis: bf7c407c2cedff20999df2af8eb42d56 -> 
  custom:audio-encoder-webm-vorbis: bf7c407c2cedff20999df2af8eb42d56 -> 
AssetImportWorkerClient::OnTransportError - code=2 error=End of file
